<?xml version="1.0" encoding="UTF-8"?>
<!-- Generated by org.testng.reporters.JUnitReportReporter -->
<testsuite skipped="0" hostname="LAPTOP-P9UGU7PC" name="Demo.webshop.test.NewTest" tests="4" failures="0" timestamp="2024-09-25T22:18:40 IST" time="37.325" errors="0">
  <testcase name="Regclass" time="8.359" classname="Demo.webshop.test.NewTest"/>
  <system-out/>
  <testcase name="BookBuy" time="13.064" classname="Demo.webshop.test.NewTest"/>
  <system-out/>
  <testcase name="Biling" time="2.831" classname="Demo.webshop.test.NewTest"/>
  <system-out/>
  <testcase name="payment" time="13.071" classname="Demo.webshop.test.NewTest"/>
  <system-out/>
</testsuite> <!-- Demo.webshop.test.NewTest -->
