<?xml version="1.0" encoding="UTF-8"?>
<!-- Generated by org.testng.reporters.JUnitReportReporter -->
<testsuite skipped="0" hostname="LAPTOP-P9UGU7PC" name="Demo.webshop.test.NewTest" tests="4" failures="0" timestamp="2024-09-26T01:44:20 IST" time="39.825" errors="0">
  <testcase name="Regclass" time="10.219" classname="Demo.webshop.test.NewTest"/>
  <system-out/>
  <testcase name="BookBuy" time="13.777" classname="Demo.webshop.test.NewTest"/>
  <system-out/>
  <testcase name="Biling" time="2.678" classname="Demo.webshop.test.NewTest"/>
  <system-out/>
  <testcase name="payment" time="13.151" classname="Demo.webshop.test.NewTest"/>
  <system-out/>
</testsuite> <!-- Demo.webshop.test.NewTest -->
