<?xml version="1.0" encoding="UTF-8"?>
<!-- Generated by org.testng.reporters.JUnitReportReporter -->
<testsuite hostname="LAPTOP-P9UGU7PC" failures="0" tests="4" name="Demo.webshop.test.NewTest" time="35.729" errors="0" timestamp="2024-09-25T21:26:33 IST" skipped="0">
  <testcase classname="Demo.webshop.test.NewTest" name="Regclass" time="7.539"/>
  <system-out/>
  <testcase classname="Demo.webshop.test.NewTest" name="BookBuy" time="12.065"/>
  <system-out/>
  <testcase classname="Demo.webshop.test.NewTest" name="Biling" time="3.010"/>
  <system-out/>
  <testcase classname="Demo.webshop.test.NewTest" name="payment" time="13.115"/>
  <system-out/>
</testsuite> <!-- Demo.webshop.test.NewTest -->
